# Server
redis_version:6.2.6
xredis_version:2.0.1
swap_version:1.0.4
rocksdb_version:7.7.3
redis_git_sha1:bd22d463
redis_git_dirty:1
redis_build_id:462398af3af6920b
redis_mode:standalone
os:Linux 5.10.118-111.515.amzn2.aarch64 aarch64
arch_bits:64
multiplexing_api:epoll
atomicvar_api:c11-builtin
gcc_version:7.3.1
process_id:23
process_supervised:no
run_id:e10524e5e94257f9ea75d2152c7593bb5fa55eb1
tcp_port:6379
server_time_usec:1676547673903499
uptime_in_seconds:633594
uptime_in_days:7
hz:100
configured_hz:100
lru_clock:15603289
executable:/opt/app/redis/sbin/redis-server
config_file:/opt/app/redis/data/etc/redis.conf
io_threads_active:0

# Clients
connected_clients:14
cluster_connections:0
maxclients:20000
client_recent_max_input_buffer:32
client_recent_max_output_buffer:62048
blocked_clients:0
tracking_clients:0
clients_in_timeout_table:0

# Memory
used_memory:75669280
used_memory_human:72.16M
used_memory_rss:87269376
used_memory_rss_human:83.23M
used_memory_peak:76012800
used_memory_peak_human:72.49M
used_memory_peak_perc:99.55%
used_memory_overhead:77676578
used_memory_startup:8198560
used_memory_dataset:12776
used_memory_dataset_perc:0.02%
allocator_allocated:79126776
allocator_active:81534976
allocator_resident:84959232
total_system_memory:66596745216
total_system_memory_human:62.02G
used_memory_lua:37888
used_memory_lua_human:37.00K
used_memory_scripts:0
used_memory_scripts_human:0B
number_of_cached_scripts:0
maxmemory:1879048192
maxmemory_human:1.75G
maxmemory_policy:allkeys-lfu
allocator_frag_ratio:1.03
allocator_frag_bytes:2408200
allocator_rss_ratio:1.04
allocator_rss_bytes:3424256
rss_overhead_ratio:1.03
rss_overhead_bytes:2310144
mem_fragmentation_ratio:1.15
mem_fragmentation_bytes:11582384
mem_not_counted_for_evict:0
mem_replication_backlog:67108864
mem_clients_slaves:0
mem_clients_normal:349080
mem_aof_buffer:0
swap_mem_rocksdb:2020074
swap_rectified_frag_ratio:1.12
swap_rectified_frag_bytes:9562310
mem_allocator:jemalloc-5.1.0
active_defrag_running:0
lazyfree_pending_objects:0
lazyfreed_objects:0

# Persistence
loading:0
current_cow_size:0
current_cow_size_age:0
current_fork_perc:0.00
current_save_keys_processed:0
current_save_keys_total:0
rdb_changes_since_last_save:0
rdb_bgsave_in_progress:0
rdb_last_save_time:1675914079
rdb_last_bgsave_status:ok
rdb_last_bgsave_time_sec:-1
rdb_current_bgsave_time_sec:-1
rdb_last_cow_size:0
aof_enabled:0
aof_rewrite_in_progress:0
aof_rewrite_scheduled:0
aof_last_rewrite_time_sec:-1
aof_current_rewrite_time_sec:-1
aof_last_bgrewrite_status:ok
aof_last_write_status:ok
aof_last_cow_size:0
module_fork_in_progress:0
module_fork_last_cow_size:0

# Stats
total_connections_received:311819
total_commands_processed:7208577
instantaneous_ops_per_sec:8
total_net_input_bytes:614060097
total_net_output_bytes:13577262110
instantaneous_input_kbps:0.71
instantaneous_output_kbps:8.64
rejected_connections:0
sync_full:0
sync_partial_ok:0
sync_partial_err:0
expired_keys:0
expired_stale_perc:0.00
expired_time_cap_reached_count:0
expire_cycle_cpu_milliseconds:4
evicted_keys:0
keyspace_hits:0
keyspace_misses:0
pubsub_channels:1
pubsub_patterns:0
latest_fork_usec:0
total_forks:0
migrate_cached_sockets:0
slave_expires_tracked_keys:0
active_defrag_hits:0
active_defrag_misses:0
active_defrag_key_hits:0
active_defrag_key_misses:0
tracking_total_keys:0
tracking_total_items:0
tracking_total_prefixes:0
unexpected_error_replies:0
total_error_replies:0
dump_payload_sanitizations:0
total_reads_processed:7375390
total_writes_processed:24077956
io_threaded_reads_processed:0
io_threaded_writes_processed:0

# Replication
role:slave
master_host:10.14.13.144
master_port:6379
master_link_status:up
master_last_io_seconds_ago:0
master_sync_in_progress:0
slave_read_repl_offset:277623296
slave_repl_offset:277623296
slave_priority:100
slave_read_only:1
replica_announced:1
connected_slaves:0
master_failover_state:no-failover
master_replid:0c4c9a293097e5409386b5f527e77950e9a2aab8
master_replid2:0000000000000000000000000000000000000000
master_repl_offset:277623296
second_repl_offset:-1
repl_backlog_active:1
repl_backlog_size:67108864
repl_backlog_first_byte_offset:210514433
repl_backlog_histlen:67108864

# CPU
used_cpu_sys:1574.461241
used_cpu_user:2081.913526
used_cpu_sys_children:0.000000
used_cpu_user_children:0.001361
used_cpu_sys_main_thread:1564.361588
used_cpu_user_main_thread:2013.812129

# Modules

# Commandstats
cmdstat_client:calls=372,usec=797,usec_per_call=2.14,rejected_calls=0,failed_calls=0
cmdstat_slaveof:calls=1,usec=314,usec_per_call=314.00,rejected_calls=0,failed_calls=0
cmdstat_dbsize:calls=87318,usec=63023,usec_per_call=0.72,rejected_calls=0,failed_calls=0
cmdstat_publish:calls=3099047,usec=22711024,usec_per_call=7.33,rejected_calls=0,failed_calls=0
cmdstat_subscribe:calls=177,usec=1063,usec_per_call=6.01,rejected_calls=0,failed_calls=0
cmdstat_select:calls=1,usec=1,usec_per_call=1.00,rejected_calls=0,failed_calls=0
cmdstat_role:calls=63008,usec=259745,usec_per_call=4.12,rejected_calls=0,failed_calls=0
cmdstat_info:calls=452083,usec=107971888,usec_per_call=238.83,rejected_calls=0,failed_calls=0
cmdstat_config:calls=2367,usec=202976,usec_per_call=85.75,rejected_calls=0,failed_calls=0
cmdstat_ping:calls=3108137,usec=2502354,usec_per_call=0.81,rejected_calls=0,failed_calls=0
cmdstat_slowlog:calls=92510,usec=197131,usec_per_call=2.13,rejected_calls=0,failed_calls=0
cmdstat_command:calls=303556,usec=205792262,usec_per_call=677.94,rejected_calls=0,failed_calls=0

# Errorstats

# Cluster
cluster_enabled:0

# Keyspace

# Swap
swap_used_db_size:100
swap_max_db_size:42949672960
swap_used_db_percent:0.00%
swap_used_disk_size:12361728
swap_disk_capacity:214748364800
swap_used_disk_percent:0.01%
swap_error_count:0
swap_swapin_attempt_count:0
swap_swapin_not_found_count:0
swap_swapin_no_io_count:0
swap_swapin_memory_hit_perc:0.00%
swap_swapin_keyspace_hit_perc:0.00%
swap_inprogress_count:0
swap_inprogress_memory:0
swap_inprogress_evict_count:0
swap_IN:count=0,memory=0,ops=0,bps=0,latency_po=0
swap_OUT:count=0,memory=0,ops=0,bps=0,latency_po=0
swap_DEL:count=0,memory=0,ops=0,bps=0,latency_po=0
swap_UTILS:count=310255,memory=156368520,ops=0,bps=308,latency_po=0
swap_rio_GET:count=0,memory=0,ops=0,bps=0,latency_po=0
swap_rio_PUT:count=0,memory=0,ops=0,bps=0,latency_po=0
swap_rio_DEL:count=0,memory=0,ops=0,bps=0,latency_po=0
swap_rio_WRITE:count=0,memory=0,ops=0,bps=0,latency_po=0
swap_rio_MULTIGET:count=0,memory=0,ops=0,bps=0,latency_po=0
swap_rio_SCAN:count=0,memory=0,ops=0,bps=0,latency_po=0
swap_rio_DELETERANGE:count=0,memory=0,ops=0,bps=0,latency_po=0
swap_compaction_filter_default:filt_count=0,scan_count=0,filt_ps=0,scan_ps=0
swap_compaction_filter_meta:filt_count=0,scan_count=0,filt_ps=0,scan_ps=0
swap_compaction_filter_score:filt_count=0,scan_count=0,filt_ps=0,scan_ps=0
swap_lock_used_memory:0
swap_lock_request:0
swap_lock_conflict:0
swap_lock_SVR:request=1,conflict=0,request_ps=0,conflict_ps=0
swap_lock_DB:request=0,conflict=0,request_ps=0,conflict_ps=0
swap_lock_KEY:request=0,conflict=0,request_ps=0,conflict_ps=0
swap_repl_workers:free=256,used=0,swapping=0
swap_thread_queue_depth:0
swap_async_queue_depth:0

# Swap.Scanexpire
swap_scan_expire_used_memory:14336
swap_scan_expire_candidates:0
swap_scan_expire_stale_perc:0.00%
swap_scan_expire_scan_limit:32
swap_scan_expire_estimated_cycle_seconds:0
swap_scan_expire_scan_key_per_second:0
swap_scan_expire_expired_key_per_second:0
swap_scan_expire_scan_used_time:0
swap_scan_expire_expire_used_time:0

# Rocksdb
rocksdb_sequence:3
# Rocksdb.L0
TotalFiles:0
CompactingFiles:0
Size(GB):0.00
Score:0
Read(GB):0
Rn(GB):0
Rnp1(GB):0
Write(GB):0
Wnew(GB):0
Moved(GB):0
W-Amp:0
Rd(MB/s):0
Wr(MB/s):0
Comp(sec):0
CompMergeCPU(sec):0
Comp(cnt):0
Avg(sec):0
KeyIn(K):0
KeyDrop(K):0
# Rocksdb.L1
TotalFiles:0
CompactingFiles:0
Size(GB):0.00
Score:0
Read(GB):0
Rn(GB):0
Rnp1(GB):0
Write(GB):0
Wnew(GB):0
Moved(GB):0
W-Amp:0
Rd(MB/s):0
Wr(MB/s):0
Comp(sec):0
CompMergeCPU(sec):0
Comp(cnt):0
Avg(sec):0
KeyIn(K):0
KeyDrop(K):0
# Rocksdb.Cumulative
cumulative_writes_num(K):0.003
cumulative_writes_keys(K):0.003
cumulative_writes_commit_group(K):0.003
cumulative_writes_per_commit_group:1.0
cumulative_writes_ingest_size(GB):0.00
cumulative_writes_ingest_speed(MB/s):0.00
cumulative_wal_writes(K):0.000
cumulative_wal_syncs:0
cumulative_wal_writes_per_sync:0.00
cumulative_wal_writen_size(GB):0.00
cumulative_wal_writen_speed(MB/s):0.00
cumulative_stall_time:00:00:0.000
cumulative_stall_percent:0.0
# Rocksdb.Interval
interval_writes_num(K):0.000
interval_writes_keys(K):0.000
interval_writes_commit_group(K):0.000
interval_writes_per_commit_group:0.0
interval_writes_ingest_size(MB):0.00
interval_writes_ingest_speed(MB/s):0.00
interval_wal_writes(K):0.000
interval_wal_syncs:0
interval_wal_writes_per_sync:0.00
interval_wal_writen_size(GB):0.00
interval_wal_writen_speed(MB/s):0.00
interval_stall_time:00:00:0.000
interval_stall_percent:0.0
